<?xml version="1.0" encoding="UTF-8"?>
<!-- Generated by org.testng.reporters.JUnitReportReporter -->
<testsuite hostname="ITEM-S122498" failures="0" tests="1" name="fileUpload.File_Exercise_MonsterIndia" time="4.643" errors="0" timestamp="2022-09-21T11:58:05 CEST" skipped="0">
  <testcase classname="fileUpload.File_Exercise_MonsterIndia" name="verifyCvUpload" time="4.643"/>
</testsuite> <!-- fileUpload.File_Exercise_MonsterIndia -->
