<?xml version="1.0" encoding="UTF-8"?>
<!-- Generated by org.testng.reporters.JUnitReportReporter -->
<testsuite hostname="ITEM-S122498" failures="0" tests="1" name="Exercise.ExerciseIphone" time="6.016" errors="0" timestamp="2022-09-15T12:03:14 CEST" skipped="0">
  <testcase classname="Exercise.ExerciseIphone" name="SearchIphone" time="6.016"/>
</testsuite> <!-- Exercise.ExerciseIphone -->
